<?xml version="1.0" encoding="UTF-8"?>
<testsuite xmlns:xsi="http://www.w3.org/2001/XMLSchema-instance" xsi:noNamespaceSchemaLocation="https://maven.apache.org/surefire/maven-surefire-plugin/xsd/surefire-test-report-3.0.xsd" version="3.0" name="com.openclassroom.testing.testing.CalculatorTest$TemperaturesTests" time="0.014" tests="18" errors="0" skipped="0" failures="0">
  <properties>
    <property name="java.specification.version" value="17"/>
    <property name="sun.cpu.isalist" value="amd64"/>
    <property name="sun.jnu.encoding" value="Cp1252"/>
    <property name="java.class.path" value="C:\Users\ibour\eclipse-workspace\Calculator\target\test-classes;C:\Users\ibour\eclipse-workspace\Calculator\target\classes;C:\Users\ibour\.m2\repository\org\junit\jupiter\junit-jupiter\5.9.2\junit-jupiter-5.9.2.jar;C:\Users\ibour\.m2\repository\org\junit\jupiter\junit-jupiter-api\5.9.2\junit-jupiter-api-5.9.2.jar;C:\Users\ibour\.m2\repository\org\opentest4j\opentest4j\1.2.0\opentest4j-1.2.0.jar;C:\Users\ibour\.m2\repository\org\junit\platform\junit-platform-commons\1.9.2\junit-platform-commons-1.9.2.jar;C:\Users\ibour\.m2\repository\org\apiguardian\apiguardian-api\1.1.2\apiguardian-api-1.1.2.jar;C:\Users\ibour\.m2\repository\org\junit\jupiter\junit-jupiter-params\5.9.2\junit-jupiter-params-5.9.2.jar;C:\Users\ibour\.m2\repository\org\junit\jupiter\junit-jupiter-engine\5.9.2\junit-jupiter-engine-5.9.2.jar;C:\Users\ibour\.m2\repository\org\junit\platform\junit-platform-engine\1.9.2\junit-platform-engine-1.9.2.jar;C:\Users\ibour\.m2\repository\org\assertj\assertj-core\3.24.2\assertj-core-3.24.2.jar;C:\Users\ibour\.m2\repository\net\bytebuddy\byte-buddy\1.12.21\byte-buddy-1.12.21.jar;C:\Users\ibour\.m2\repository\org\jacoco\jacoco-maven-plugin\0.8.9\jacoco-maven-plugin-0.8.9.jar;C:\Users\ibour\.m2\repository\org\codehaus\plexus\plexus-utils\3.0.24\plexus-utils-3.0.24.jar;C:\Users\ibour\.m2\repository\org\apache\maven\shared\file-management\1.2.1\file-management-1.2.1.jar;C:\Users\ibour\.m2\repository\org\apache\maven\maven-plugin-api\2.0.6\maven-plugin-api-2.0.6.jar;C:\Users\ibour\.m2\repository\org\apache\maven\shared\maven-shared-io\1.1\maven-shared-io-1.1.jar;C:\Users\ibour\.m2\repository\org\apache\maven\maven-artifact\2.0.2\maven-artifact-2.0.2.jar;C:\Users\ibour\.m2\repository\org\apache\maven\maven-artifact-manager\2.0.2\maven-artifact-manager-2.0.2.jar;C:\Users\ibour\.m2\repository\org\apache\maven\maven-repository-metadata\2.0.2\maven-repository-metadata-2.0.2.jar;C:\Users\ibour\.m2\repository\org\apache\maven\wagon\wagon-provider-api\1.0-alpha-6\wagon-provider-api-1.0-alpha-6.jar;C:\Users\ibour\.m2\repository\org\codehaus\plexus\plexus-container-default\1.0-alpha-9\plexus-container-default-1.0-alpha-9.jar;C:\Users\ibour\.m2\repository\junit\junit\3.8.1\junit-3.8.1.jar;C:\Users\ibour\.m2\repository\classworlds\classworlds\1.1-alpha-2\classworlds-1.1-alpha-2.jar;C:\Users\ibour\.m2\repository\org\apache\maven\reporting\maven-reporting-api\3.0\maven-reporting-api-3.0.jar;C:\Users\ibour\.m2\repository\org\apache\maven\doxia\doxia-sink-api\1.0\doxia-sink-api-1.0.jar;C:\Users\ibour\.m2\repository\org\jacoco\org.jacoco.agent\0.8.9\org.jacoco.agent-0.8.9-runtime.jar;C:\Users\ibour\.m2\repository\org\jacoco\org.jacoco.core\0.8.9\org.jacoco.core-0.8.9.jar;C:\Users\ibour\.m2\repository\org\ow2\asm\asm\9.5\asm-9.5.jar;C:\Users\ibour\.m2\repository\org\ow2\asm\asm-commons\9.5\asm-commons-9.5.jar;C:\Users\ibour\.m2\repository\org\ow2\asm\asm-tree\9.5\asm-tree-9.5.jar;C:\Users\ibour\.m2\repository\org\jacoco\org.jacoco.report\0.8.9\org.jacoco.report-0.8.9.jar;"/>
    <property name="java.vm.vendor" value="Oracle Corporation"/>
    <property name="sun.arch.data.model" value="64"/>
    <property name="user.variant" value=""/>
    <property name="java.vendor.url" value="https://java.oracle.com/"/>
    <property name="user.timezone" value="Europe/Paris"/>
    <property name="os.name" value="Windows 10"/>
    <property name="java.vm.specification.version" value="17"/>
    <property name="sun.java.launcher" value="SUN_STANDARD"/>
    <property name="user.country" value="FR"/>
    <property name="sun.boot.library.path" value="C:\Program Files\Java\jdk-17.0.5\bin"/>
    <property name="sun.java.command" value="C:\Users\ibour\AppData\Local\Temp\surefire11778606512260852620\surefirebooter-20230418102539670_3.jar C:\Users\ibour\AppData\Local\Temp\surefire11778606512260852620 2023-04-18T10-25-38_955-jvmRun1 surefire-20230418102539670_1tmp surefire_0-20230418102539670_2tmp"/>
    <property name="jdk.debug" value="release"/>
    <property name="surefire.test.class.path" value="C:\Users\ibour\eclipse-workspace\Calculator\target\test-classes;C:\Users\ibour\eclipse-workspace\Calculator\target\classes;C:\Users\ibour\.m2\repository\org\junit\jupiter\junit-jupiter\5.9.2\junit-jupiter-5.9.2.jar;C:\Users\ibour\.m2\repository\org\junit\jupiter\junit-jupiter-api\5.9.2\junit-jupiter-api-5.9.2.jar;C:\Users\ibour\.m2\repository\org\opentest4j\opentest4j\1.2.0\opentest4j-1.2.0.jar;C:\Users\ibour\.m2\repository\org\junit\platform\junit-platform-commons\1.9.2\junit-platform-commons-1.9.2.jar;C:\Users\ibour\.m2\repository\org\apiguardian\apiguardian-api\1.1.2\apiguardian-api-1.1.2.jar;C:\Users\ibour\.m2\repository\org\junit\jupiter\junit-jupiter-params\5.9.2\junit-jupiter-params-5.9.2.jar;C:\Users\ibour\.m2\repository\org\junit\jupiter\junit-jupiter-engine\5.9.2\junit-jupiter-engine-5.9.2.jar;C:\Users\ibour\.m2\repository\org\junit\platform\junit-platform-engine\1.9.2\junit-platform-engine-1.9.2.jar;C:\Users\ibour\.m2\repository\org\assertj\assertj-core\3.24.2\assertj-core-3.24.2.jar;C:\Users\ibour\.m2\repository\net\bytebuddy\byte-buddy\1.12.21\byte-buddy-1.12.21.jar;C:\Users\ibour\.m2\repository\org\jacoco\jacoco-maven-plugin\0.8.9\jacoco-maven-plugin-0.8.9.jar;C:\Users\ibour\.m2\repository\org\codehaus\plexus\plexus-utils\3.0.24\plexus-utils-3.0.24.jar;C:\Users\ibour\.m2\repository\org\apache\maven\shared\file-management\1.2.1\file-management-1.2.1.jar;C:\Users\ibour\.m2\repository\org\apache\maven\maven-plugin-api\2.0.6\maven-plugin-api-2.0.6.jar;C:\Users\ibour\.m2\repository\org\apache\maven\shared\maven-shared-io\1.1\maven-shared-io-1.1.jar;C:\Users\ibour\.m2\repository\org\apache\maven\maven-artifact\2.0.2\maven-artifact-2.0.2.jar;C:\Users\ibour\.m2\repository\org\apache\maven\maven-artifact-manager\2.0.2\maven-artifact-manager-2.0.2.jar;C:\Users\ibour\.m2\repository\org\apache\maven\maven-repository-metadata\2.0.2\maven-repository-metadata-2.0.2.jar;C:\Users\ibour\.m2\repository\org\apache\maven\wagon\wagon-provider-api\1.0-alpha-6\wagon-provider-api-1.0-alpha-6.jar;C:\Users\ibour\.m2\repository\org\codehaus\plexus\plexus-container-default\1.0-alpha-9\plexus-container-default-1.0-alpha-9.jar;C:\Users\ibour\.m2\repository\junit\junit\3.8.1\junit-3.8.1.jar;C:\Users\ibour\.m2\repository\classworlds\classworlds\1.1-alpha-2\classworlds-1.1-alpha-2.jar;C:\Users\ibour\.m2\repository\org\apache\maven\reporting\maven-reporting-api\3.0\maven-reporting-api-3.0.jar;C:\Users\ibour\.m2\repository\org\apache\maven\doxia\doxia-sink-api\1.0\doxia-sink-api-1.0.jar;C:\Users\ibour\.m2\repository\org\jacoco\org.jacoco.agent\0.8.9\org.jacoco.agent-0.8.9-runtime.jar;C:\Users\ibour\.m2\repository\org\jacoco\org.jacoco.core\0.8.9\org.jacoco.core-0.8.9.jar;C:\Users\ibour\.m2\repository\org\ow2\asm\asm\9.5\asm-9.5.jar;C:\Users\ibour\.m2\repository\org\ow2\asm\asm-commons\9.5\asm-commons-9.5.jar;C:\Users\ibour\.m2\repository\org\ow2\asm\asm-tree\9.5\asm-tree-9.5.jar;C:\Users\ibour\.m2\repository\org\jacoco\org.jacoco.report\0.8.9\org.jacoco.report-0.8.9.jar;"/>
    <property name="sun.cpu.endian" value="little"/>
    <property name="user.home" value="C:\Users\ibour"/>
    <property name="user.language" value="fr"/>
    <property name="java.specification.vendor" value="Oracle Corporation"/>
    <property name="java.version.date" value="2022-10-18"/>
    <property name="java.home" value="C:\Program Files\Java\jdk-17.0.5"/>
    <property name="file.separator" value="\"/>
    <property name="basedir" value="C:\Users\ibour\eclipse-workspace\Calculator"/>
    <property name="java.vm.compressedOopsMode" value="32-bit"/>
    <property name="line.separator" value="&#10;"/>
    <property name="java.vm.specification.vendor" value="Oracle Corporation"/>
    <property name="java.specification.name" value="Java Platform API Specification"/>
    <property name="surefire.real.class.path" value="C:\Users\ibour\AppData\Local\Temp\surefire11778606512260852620\surefirebooter-20230418102539670_3.jar"/>
    <property name="user.script" value=""/>
    <property name="sun.management.compiler" value="HotSpot 64-Bit Tiered Compilers"/>
    <property name="java.runtime.version" value="17.0.5+9-LTS-191"/>
    <property name="user.name" value="ibour"/>
    <property name="path.separator" value=";"/>
    <property name="os.version" value="10.0"/>
    <property name="java.runtime.name" value="Java(TM) SE Runtime Environment"/>
    <property name="file.encoding" value="Cp1252"/>
    <property name="java.vm.name" value="Java HotSpot(TM) 64-Bit Server VM"/>
    <property name="localRepository" value="C:\Users\ibour\.m2\repository"/>
    <property name="java.vendor.url.bug" value="https://bugreport.java.com/bugreport/"/>
    <property name="java.io.tmpdir" value="C:\Users\ibour\AppData\Local\Temp\"/>
    <property name="java.version" value="17.0.5"/>
    <property name="user.dir" value="C:\Users\ibour\eclipse-workspace\Calculator"/>
    <property name="os.arch" value="amd64"/>
    <property name="java.vm.specification.name" value="Java Virtual Machine Specification"/>
    <property name="sun.os.patch.level" value=""/>
    <property name="native.encoding" value="Cp1252"/>
    <property name="java.library.path" value="C:\Program Files\Java\jdk-17.0.5\bin;C:\WINDOWS\Sun\Java\bin;C:\WINDOWS\system32;C:\WINDOWS;C:\Users\ibour\bin;C:\Program Files\Git\mingw64\bin;C:\Program Files\Git\usr\local\bin;C:\Program Files\Git\usr\bin;C:\Program Files\Git\usr\bin;C:\Program Files\Git\mingw64\bin;C:\Program Files\Git\usr\bin;C:\Users\ibour\bin;C:\Program Files\MongoDB;C:\Python311;C:\Program Files (x86)\Microsoft SQL Server\150\Tools\Binn;C:\Program Files\Microsoft SQL Server\150\Tools\Binn;C:\Program Files (x86)\Microsoft SQL Server\150\DTS\Binn;C:\Program Files\Microsoft SQL Server\150\DTS\Binn;C:\Program Files\Microsoft SQL Server\Client SDK\ODBC\170\Tools\Binn;C:\Program Files\Azure Data Studio\bin;C:\Program Files\nodejs;C:\ProgramData\chocolatey\bin;C:\Program Files\MongoDB\Server\6.0\bin;C:\Program Files (x86)\Microsoft SQL Server\160\DTS\Binn;C:\Program Files\PostgreSQL\15\bin;C:\Windows\System32;C:\Program Files\MySQL\MySQL Workbench 8.0 CE;C:\Users\ibour\Downloads\apache-maven-3.9.0-bin\apache-maven-3.9.0\bin;C:\Program Files\Java\jdk-17.0.5\bin;C:\Program Files\MySQL\MySQL Shell 8.0\bin;C:\Program Files\Git\usr\bin;C:\Program Files\Azure Data Studio\bin;C:\Users\ibour\AppData\Local\Programs\Microsoft VS Code\bin;C:\Users\ibour\AppData\Roaming\npm;C:\Program Files\Git\usr\bin\vendor_perl;C:\Program Files\Git\usr\bin\core_perl;."/>
    <property name="java.vm.info" value="mixed mode, sharing"/>
    <property name="java.vendor" value="Oracle Corporation"/>
    <property name="java.vm.version" value="17.0.5+9-LTS-191"/>
    <property name="sun.io.unicode.encoding" value="UnicodeLittle"/>
    <property name="java.class.version" value="61.0"/>
  </properties>
  <testcase name="digitsSet_shouldReturnsTheSetOfDigits_ofPositiveInteger" classname="com.openclassroom.testing.testing.CalculatorTest" time="0.205">
    <system-out><![CDATA[Appel avant tous les tests
Appel avant chaque test
Appel après chaque test
]]></system-out>
  </testcase>
  <testcase name="multiplytwopositiveNumbers" classname="com.openclassroom.testing.testing.CalculatorTest" time="0.008">
    <system-out><![CDATA[Appel avant chaque test
Appel après chaque test
]]></system-out>
  </testcase>
  <testcase name="addTwoPositiveNumbers" classname="com.openclassroom.testing.testing.CalculatorTest" time="0.002">
    <system-out><![CDATA[Appel avant chaque test
Appel après chaque test
]]></system-out>
  </testcase>
  <testcase name="digitsSet_shouldReturnsTheSetOfZero_ofZero" classname="com.openclassroom.testing.testing.CalculatorTest" time="0.004">
    <system-out><![CDATA[Appel avant chaque test
Appel après chaque test
]]></system-out>
  </testcase>
  <testcase name="radiusToAreaOfCircle_returnsPi_whenWeHaveARadiusOfOne" classname="com.openclassroom.testing.testing.CalculatorTest" time="0.007">
    <system-out><![CDATA[Appel avant chaque test
Appel après chaque test
]]></system-out>
  </testcase>
  <testcase name="digitsSet_shouldReturnsTheSetOfDigits_ofNegatifInteger" classname="com.openclassroom.testing.testing.CalculatorTest" time="0.004">
    <system-out><![CDATA[Appel avant chaque test
Appel après chaque test
]]></system-out>
  </testcase>
  <testcase name="longCalcul_shouldComputeInLessThan1Second" classname="com.openclassroom.testing.testing.CalculatorTest" time="0.526">
    <system-out><![CDATA[Appel avant chaque test
Appel après chaque test
]]></system-out>
  </testcase>
  <testcase name="litresToGallons_returnsOneGallon_whenConvertingTheEquivalentLitres" classname="com.openclassroom.testing.testing.CalculatorTest" time="0.003">
    <system-out><![CDATA[Appel avant chaque test
Appel après chaque test
]]></system-out>
  </testcase>
  <testcase name="add_shouldReturnZeroWithMultipleIntegers(int, int, int)[1]" classname="com.openclassroom.testing.testing.CalculatorTest" time="0.039">
    <system-out><![CDATA[Appel avant chaque test
Appel après chaque test
]]></system-out>
  </testcase>
  <testcase name="add_shouldReturnZeroWithMultipleIntegers(int, int, int)[2]" classname="com.openclassroom.testing.testing.CalculatorTest" time="0.002">
    <system-out><![CDATA[Appel avant chaque test
Appel après chaque test
]]></system-out>
  </testcase>
  <testcase name="add_shouldReturnZeroWithMultipleIntegers(int, int, int)[3]" classname="com.openclassroom.testing.testing.CalculatorTest" time="0.003">
    <system-out><![CDATA[Appel avant chaque test
Appel après chaque test
]]></system-out>
  </testcase>
  <testcase name="multiply_shouldReturnZeroWithMultipleIntegers(int)[1]" classname="com.openclassroom.testing.testing.CalculatorTest" time="0.001">
    <system-out><![CDATA[Appel avant chaque test
Appel après chaque test
]]></system-out>
  </testcase>
  <testcase name="multiply_shouldReturnZeroWithMultipleIntegers(int)[2]" classname="com.openclassroom.testing.testing.CalculatorTest" time="0.004">
    <system-out><![CDATA[Appel avant chaque test
Appel après chaque test
]]></system-out>
  </testcase>
  <testcase name="multiply_shouldReturnZeroWithMultipleIntegers(int)[3]" classname="com.openclassroom.testing.testing.CalculatorTest" time="0.003">
    <system-out><![CDATA[Appel avant chaque test
Appel après chaque test
]]></system-out>
  </testcase>
  <testcase name="multiply_shouldReturnZeroWithMultipleIntegers(int)[4]" classname="com.openclassroom.testing.testing.CalculatorTest" time="0.002">
    <system-out><![CDATA[Appel avant chaque test
Appel après chaque test
]]></system-out>
  </testcase>
  <testcase name="multiply_shouldReturnZeroWithMultipleIntegers(int)[5]" classname="com.openclassroom.testing.testing.CalculatorTest" time="0.006">
    <system-out><![CDATA[Appel avant chaque test
Appel après chaque test
]]></system-out>
  </testcase>
  <testcase name="celciusTofahrenheit_returnsFahrenheitTemperature_whenCelciusIsZero" classname="com.openclassroom.testing.testing.CalculatorTest$TemperaturesTests" time="0.003">
    <system-out><![CDATA[Appel avant chaque test
Appel après chaque test
]]></system-out>
  </testcase>
  <testcase name="fahrenheitToCelcius_returnsZeroCelciusTemperature_whenThirtyTwo" classname="com.openclassroom.testing.testing.CalculatorTest$TemperaturesTests" time="0.003">
    <system-out><![CDATA[Appel avant chaque test
Appel après chaque test
]]></system-out>
  </testcase>
</testsuite>